<?xml version="1.0" encoding="UTF-8"?>
<testsuite name="FileServerTest" tests="1" skipped="0" failures="0" errors="0" timestamp="2024-04-07T20:56:05" hostname="ACLOSECUSTOMPC" time="8.621">
  <properties/>
  <testcase name="start" classname="FileServerTest" time="8.621"/>
  <system-out><![CDATA[?[1;31m
Start test 1?[0m
Server started!
Enter action (1 - get a file, 2 - create a file, 3 - delete a file): > exit
The request was sent.
Server started!
Enter action (1 - get a file, 2 - create a file, 3 - delete a file): > 2
Enter filename: > test_purpose_V7K9E.txt
Enter file content: > UMGIAOFRG2O5O9COON
The request was sent.
The response says that the file was created!
Enter action (1 - get a file, 2 - create a file, 3 - delete a file): > 2
Enter filename: > test_purpose_V7K9E.txt
Enter file content: > UMGIAOFRG2O5O9COON
The request was sent.
The response says that creating the file was forbidden!
Enter action (1 - get a file, 2 - create a file, 3 - delete a file): > 1
Enter filename: > test_purpose_V7K9E.txt
The request was sent.
The content of the file is: UMGIAOFRG2O5O9COON
Enter action (1 - get a file, 2 - create a file, 3 - delete a file): > 1
Enter filename: > test_purpose_X1PHWO99.txt
The request was sent.
The response says that the file was not found!
Enter action (1 - get a file, 2 - create a file, 3 - delete a file): > 3
Enter filename: > test_purpose_UJCQKXUM.txt
The request was sent.
The response says that the file was not found!
Enter action (1 - get a file, 2 - create a file, 3 - delete a file): > 3
Enter filename: > test_purpose_V7K9E.txt
The request was sent.
The response says that the file was successfully deleted!
Enter action (1 - get a file, 2 - create a file, 3 - delete a file): > exit
The request was sent.
]]></system-out>
  <system-err><![CDATA[]]></system-err>
</testsuite>
